Log file open, 05/11/15 16:53:54
LogInit:Display: Running engine for game: Telefour
LogInit: Version: 4.7.6-2513093+++depot+UE4-Releases+4.7
LogInit: API Version: 2455222
LogInit: Compiled (64-bit): Apr 15 2015 12:09:54
LogInit: Compiled with Visual C++: 18.00.21005.01
LogInit: Build Configuration: Development
LogInit: Branch Name: ++depot+UE4-Releases+4.7
LogInit: Command line: 
LogInit: Base directory: C:/Program Files/Unreal Engine/Unreal Engine/4.7/Engine/Binaries/Win64/
LogInit: Rocket: 1
[2015.05.11-06.53.54:215][  0]LogTaskGraph: Started task graph with 3 named threads and 6 total threads.
[2015.05.11-06.53.54:291][  0]LogOnline:Warning: No default platform service specified for OnlineSubsystem
[2015.05.11-06.53.54:309][  0]LogInit: Presizing for 0 objects not considered by GC, pre-allocating 0 bytes.
[2015.05.11-06.53.54:320][  0]LogInit: Object subsystem initialized
[2015.05.11-06.53.54:322][  0]LogConsoleResponse:Warning: Skipping Unknown console variable: 'TranslucentSortAxis = (X=0.000000,Y=-1.000000,Z=0.000000)'
[2015.05.11-06.53.54:322][  0]LogConsoleResponse:Warning:   Found in ini file 'C:/Users/daniel.waterston/Desktop/Telefour/Telefour/Saved/Config/Windows/Engine.ini', in section '[/Script/Engine.RendererSettings]'
[2015.05.11-06.53.54:322][  0]LogConsoleResponse:Warning: Skipping Unknown console variable: 'UIScaleRule = ShortestSide'
[2015.05.11-06.53.54:322][  0]LogConsoleResponse:Warning:   Found in ini file 'C:/Users/daniel.waterston/Desktop/Telefour/Telefour/Saved/Config/Windows/Engine.ini', in section '[/Script/Engine.RendererSettings]'
[2015.05.11-06.53.54:322][  0]LogConsoleResponse:Warning: Skipping Unknown console variable: 'UIScaleCurve = (EditorCurveData=(Keys=),ExternalCurve=None)'
[2015.05.11-06.53.54:322][  0]LogConsoleResponse:Warning:   Found in ini file 'C:/Users/daniel.waterston/Desktop/Telefour/Telefour/Saved/Config/Windows/Engine.ini', in section '[/Script/Engine.RendererSettings]'
[2015.05.11-06.53.54:322][  0]LogInit: Selected Device Profile: [Windows]
[2015.05.11-06.53.54:322][  0]LogInit: Applying CVar settings loaded from the selected device profile: [Windows]
[2015.05.11-06.53.54:327][  0]LogInit: Computer: FCAA148BABF9
[2015.05.11-06.53.54:327][  0]LogInit: User: danielwaterston
[2015.05.11-06.53.54:327][  0]LogInit: CPU Page size=4096, Cores=4
[2015.05.11-06.53.54:327][  0]LogInit: High frequency timer resolution =3.418017 MHz
[2015.05.11-06.53.54:327][  0]LogMemory: Memory total: Physical=31.9GB (32GB approx) Virtual=8192.0GB
[2015.05.11-06.53.54:327][  0]LogMemory: Platform Memory Stats for Windows
[2015.05.11-06.53.54:327][  0]LogMemory: Process Physical Memory: 47.50 MB used, 47.50 MB peak
[2015.05.11-06.53.54:327][  0]LogMemory: Process Virtual Memory: 23.49 MB used, 23.49 MB peak
[2015.05.11-06.53.54:327][  0]LogMemory: Physical Memory: 5728.18 MB used, 32633.02 MB total
[2015.05.11-06.53.54:327][  0]LogMemory: Virtual Memory: 276.28 MB used, 8388608.00 MB total
[2015.05.11-06.53.54:352][  0]LogD3D11RHI: Found D3D11 adapter 0: NVIDIA GeForce GTX 960 (Feature Level 11_0)
[2015.05.11-06.53.54:352][  0]LogD3D11RHI: Adapter has 1930MB of dedicated video memory, 0MB of dedicated system memory, and 2048MB of shared system memory, 2 output[s]
[2015.05.11-06.53.54:352][  0]LogD3D11RHI: Chosen D3D11 Adapter Id = 0
[2015.05.11-06.53.54:355][  0]LogRHI: Texture pool is 1351 MB (70% of 1930 MB)
[2015.05.11-06.53.54:360][  0]LogD3D11RHI: Async texture creation enabled
[2015.05.11-06.53.54:409][  0]LogTextLocalizationManager: The requested culture ('en_AU') has no localization data; parent culture's ('en') localization data will be used.
[2015.05.11-06.53.54:456][  0]LogTextLocalizationManager:Warning: Loading localization resources contain conflicting entries for (Namespace:UICommands, Key:Save_ToolTip):
Resource: (C:/Program Files/Unreal Engine/Unreal Engine/4.7/Engine/Content/Localization/Editor/en/Editor.locres) Hash: (-29098895) String: (Saves the current level to disk)
Resource: (C:/Program Files/Unreal Engine/Unreal Engine/4.7/Engine/Content/Localization/Engine/en/Engine.locres) Hash: (-1280300587) String: (Save selected data to vlog file)
[2015.05.11-06.53.54:456][  0]LogTextLocalizationManager:Warning: Loading localization resources contain conflicting entries for (Namespace:ContentBrowser, Key:ImportAssetToolTip):
Resource: (C:/Program Files/Unreal Engine/Unreal Engine/4.7/Engine/Content/Localization/Editor/en/Editor.locres) Hash: (-630476809) String: (Import to {0}...)
Resource: (C:/Program Files/Unreal Engine/Unreal Engine/4.7/Engine/Content/Localization/Editor/en/Editor.locres) Hash: (1271782899) String: (Imports an asset from file to this folder.)
[2015.05.11-06.53.54:525][  0]LogContentStreaming: Texture pool size is 0.000000MB
[2015.05.11-06.53.56:438][  0]LogTargetPlatformManager:Display: Building Assets For Windows
[2015.05.11-06.53.56:847][  0]LogTargetPlatformManager:Display: Building Assets For Windows
[2015.05.11-06.53.56:898][  0]LogDerivedDataCache:Display: Max Cache Size: 512 MB
[2015.05.11-06.53.56:929][  0]LogDerivedDataCache: Loaded boot cache 0.03s 39MB C:/Users/daniel.waterston/AppData/Local/UnrealEngine/4.7/DerivedDataCache/Boot.ddc.
[2015.05.11-06.53.56:929][  0]LogDerivedDataCache:Display: Loaded Boot cache: C:/Users/daniel.waterston/AppData/Local/UnrealEngine/4.7/DerivedDataCache/Boot.ddc
[2015.05.11-06.53.56:929][  0]LogDerivedDataCache: FDerivedDataBackendGraph:  Pak pak cache file ../../../../../../../Users/daniel.waterston/Desktop/Telefour/Telefour/DerivedDataCache/DDC.ddp not found, will not use a pak cache.
[2015.05.11-06.53.56:929][  0]LogDerivedDataCache: Unable to find inner node Pak for hierarchical cache Hierarchy.
[2015.05.11-06.53.57:031][  0]LogDerivedDataCache:Display: Pak cache opened for reading ../../../Engine/DerivedDataCache/Compressed.ddp.
[2015.05.11-06.53.57:042][  0]LogDerivedDataCache: Using Local data cache path C:/Users/daniel.waterston/AppData/Local/UnrealEngine/Common/DerivedDataCache: Writable
[2015.05.11-06.53.57:278][  0]LogMeshUtilities: No automatic mesh reduction module available
[2015.05.11-06.53.57:278][  0]LogMeshUtilities: No automatic mesh merging module available
[2015.05.11-06.53.57:573][  0]LogInit: WinSock: version 1.1 (2.2), MaxSocks=32767, MaxUdp=65467
[2015.05.11-06.53.57:634][  0]LogSlate:Warning: Failed to load font data from '../../../Engine/Content/Slate/Fonts/Roboto-Italic.ttf'
[2015.05.11-06.53.58:217][  0]UdpMessaging: Initializing bridge on interface 0.0.0.0:0 to multicast group 230.0.0.1:6666.
[2015.05.11-06.53.58:383][  0]SourceControl: Info Source control is disabled
[2015.05.11-06.53.58:383][  0]SourceControl: Info Source control is disabled
[2015.05.11-06.53.58:383][  0]SourceControl: Info Source control is disabled
[2015.05.11-06.53.58:383][  0]LogSourceControl: RunCommandInternalRaw: 'git version'
[2015.05.11-06.53.58:383][  0]LogSourceControl: RunCommandInternalRaw: ExecProcess ReturnCode=2 OutResults=''
[2015.05.11-06.53.58:391][  0]SourceControl: Info Source control is disabled
[2015.05.11-06.53.58:537][  0]LogObj: 24232 objects as part of root set at end of initial load.
[2015.05.11-06.53.58:537][  0]LogUObjectAllocator: 5137176 out of 0 bytes used by permanent object pool.
[2015.05.11-06.53.58:601][  0]LogEngine: Initializing Engine...
[2015.05.11-06.54.01:725][  0]LogInit: XAudio2 using 'Speakers (Realtek High Definition Audio)' : 2 channels at 48 kHz using 32 bits per sample (channel mask 0x3)
[2015.05.11-06.54.01:742][  0]LogInit: FAudioDevice initialized.
[2015.05.11-06.54.01:771][  0]LogAIModule: Creating AISystem for world NewWorld
[2015.05.11-06.54.01:788][  0]LogDerivedDataCache: Saved boot cache 0.02s 39MB C:/Users/daniel.waterston/AppData/Local/UnrealEngine/4.7/DerivedDataCache/Boot.ddc.
[2015.05.11-06.54.01:790][  0]LogInit: Texture streaming: Enabled
[2015.05.11-06.54.01:858][  0]LogAnalytics: Creating configured Analytics provider AnalyticsET
[2015.05.11-06.54.01:858][  0]LogAnalytics: ET APIKey = Rocket.Release. APIServer = http://et2.epicgames.com/ET2/. AppVersion = 4.7.6-2513093+++depot+UE4-Releases+4.7
[2015.05.11-06.54.01:858][  0]LogAnalytics: ET APIKey = Rocket.Release. DataRouterUploadURL = https://datarouter-public-service-gamedev.ol.epicgames.net/datarouter/api/v1/public/data. AppVersion = 4.7.6-2513093+++depot+UE4-Releases+4.7
[2015.05.11-06.54.01:858][  0]LogAnalytics: SetUserId fba57b964110f3261c634faadd895e7a|b0bf02c749ae4123b03352093dbba08c|a2dfcff7-3252-4f15-97e4-030de54803b8
[2015.05.11-06.54.01:858][  0]LogAnalytics: AnalyticsET::StartSession [Rocket.Release]
[2015.05.11-06.54.01:873][  0]LogInit: Transaction tracking system initialized
[2015.05.11-06.54.01:998][  0]BlueprintLog: New page: Editor Load
[2015.05.11-06.54.02:026][  0]LogAssetRegistry: FAssetRegistry took 0.0096 seconds to start up
[2015.05.11-06.54.02:026][  0]LogDirectoryWatcher:Warning: Failed to begin reading directory changes for ../../../Engine/Plugins/Experimental/CharacterAI/Content/. Error: 0
[2015.05.11-06.54.02:422][  0]LogTargetPlatformManager:Display: Building Assets For Windows
[2015.05.11-06.54.02:685][  0]LogTargetPlatformManager:Display: Building Assets For Windows
[2015.05.11-06.54.02:876][  0]LogSlate:Warning: Failed to load font data from '../../../Engine/Content/Editor/Slate/Fonts/Roboto-Regular.ttf'
[2015.05.11-06.54.02:877][  0]LogSlate:Warning: Failed to load font data from '../../../Engine/Content/Editor/Slate/Fonts/Roboto-Bold.ttf'
[2015.05.11-06.54.02:880][  0]LogConsoleResponse:Display: 
[2015.05.11-06.54.02:973][  0]LogCook:Display: Done creating registry. It took  0.00s.
[2015.05.11-06.54.03:080][  0]SourceControl: Info Source control is disabled
[2015.05.11-06.54.03:080][  0]Cmd: MAP LOAD FILE="../../../../../../../Users/daniel.waterston/Desktop/Telefour/Telefour/Content/FirstPersonBP/Maps/FirstPersonExampleMap.umap" TEMPLATE=0 SHOWPROGRESS=1 FEATURELEVEL=3
[2015.05.11-06.54.03:080][  0]LightingResults: New page: Lighting Build
[2015.05.11-06.54.03:089][  0]MapCheck: New page: Map Check
[2015.05.11-06.54.03:089][  0]LightingResults: New page: Lighting Build
[2015.05.11-06.54.03:095][  0]LogParticles: Destroying 0 GPU particle simulations for FXSystem 0x0000000011286980
[2015.05.11-06.54.03:101][  0]LogLinker:Warning: Asset '../../../Engine/Content/EngineMeshes/Humanoid.uasset' has been saved with empty engine version. The asset will be loaded but may be incompatible.
[2015.05.11-06.54.04:144][  0]LogEditorServer: Finished looking for orphan Actors (0.000 secs)
[2015.05.11-06.54.04:916][  0]LogAIModule: Creating AISystem for world FirstPersonExampleMap
[2015.05.11-06.54.04:916][  0]Cmd: MAP CHECKDEP
[2015.05.11-06.54.04:916][  0]MapCheck: New page: FirstPersonExampleMap - 12 May 2015 2:54:04 am
[2015.05.11-06.54.04:976][  0]MapCheck: Info Map check complete: 0 Error(s), 0 Warning(s), took 59.329ms to complete.
[2015.05.11-06.54.04:976][  0]LogFileHelpers: Loading map 'FirstPersonExampleMap' took 1.896
[2015.05.11-06.54.05:149][  0]LogCollectionManager: Loaded 0 collections in 0.001362 seconds
[2015.05.11-06.54.05:156][  0]LogContentBrowser: Native class hierarchy populated in 0.0070 seconds. Added 1696 classes and 261 folders.
[2015.05.11-06.54.05:184][  0]LogContentBrowser: Native class hierarchy updated for 'SceneOutliner' in 0.0016 seconds. Added 1 classes and 2 folders.
[2015.05.11-06.54.05:223][  0]LogCrashTracker: Crashtracker disabled due to settings.
[2015.05.11-06.54.05:224][  0]LogSlate:Warning: Failed to load font data from 'Veranda'
[2015.05.11-06.54.05:255][  0]LogLoad: Full Startup: 12.70 seconds (BP compile: 0.45 seconds)
[2015.05.11-06.54.05:288][  0]LogContentBrowser:Verbose: The content browser source was changed by the sources view to '/Game/FirstPersonBP/Blueprints'
[2015.05.11-06.54.05:432][  0]LogRenderer:Warning: Reallocating scene render targets to support 1208x576 (Frame:2).
[2015.05.11-06.54.05:611][  3]LogAssetRegistry: Asset discovery search completed in 3.5949 seconds
[2015.05.11-06.55.29:822][775]LogPlayLevel: PIE:  No blueprints needed recompiling
[2015.05.11-06.55.29:822][775]PIE: New page: PIE session: FirstPersonExampleMap (12 May 2015 2:55:29 am)
[2015.05.11-06.55.29:840][775]LogPlayLevel: PIE: StaticDuplicateObject took: (0.017129s)
[2015.05.11-06.55.29:841][775]LogPlayLevel: PIE: World Init took: (0.000706s)
[2015.05.11-06.55.29:841][775]LogPlayLevel: PIE: Created PIE world by copying editor world from /Game/FirstPersonBP/Maps/FirstPersonExampleMap.FirstPersonExampleMap to /Game/FirstPersonBP/Maps/UEDPIE_1_FirstPersonExampleMap.FirstPersonExampleMap (0.018099s)
[2015.05.11-06.55.29:915][775]LogWorld: Game class is 'FirstPersonGameMode_C'
[2015.05.11-06.55.29:917][775]LogAIModule: Creating AISystem for world FirstPersonExampleMap
[2015.05.11-06.55.29:923][775]LogWorld: Bringing World /Game/FirstPersonBP/Maps/UEDPIE_1_FirstPersonExampleMap.FirstPersonExampleMap up for play (max tick rate 0) at 2015.05.11-16.55.29
[2015.05.11-06.55.29:924][775]LogWorld: Bringing up level for play took: 0.006357
[2015.05.11-06.55.29:924][775]LogInit: WinSock: Socket queue 131072 / 131072
[2015.05.11-06.55.29:925][775]LogInit: WinSock: I am fcaa148babf9 (10.17.23.53:0)
[2015.05.11-06.55.29:925][775]LogNet: GameNetDriver IpNetDriver_0 IpNetDriver listening on port 7777
[2015.05.11-06.55.29:925][775]PIE: Info Play in editor start time for /Game/FirstPersonBP/Maps/UEDPIE_1_FirstPersonExampleMap 0.109
[2015.05.11-06.55.29:930][775]PIE: New page: PIE session: FirstPersonExampleMap (12 May 2015 2:55:29 am)
[2015.05.11-06.55.29:976][775]LogNet: Browse: 127.0.0.1//Game/FirstPersonBP/Maps/FirstPersonExampleMap
[2015.05.11-06.55.29:977][775]LogInit: WinSock: Socket queue 32768 / 32768
[2015.05.11-06.55.29:977][775]LogNet: Game client on port 7777, rate 10000
[2015.05.11-06.55.29:977][775]LogNet: GetLocalNetworkVersion: GEngineNetVersion: 2513093, ProjectName: telefour, ProjectVersion: , LocalNetworkVersion: -175186362
[2015.05.11-06.55.29:990][775]PIE: Info Play in editor start time for /Game/FirstPersonBP/Maps/FirstPersonExampleMap 0.174
[2015.05.11-06.55.29:995][775]PIE: New page: PIE session: FirstPersonExampleMap (12 May 2015 2:55:29 am)
[2015.05.11-06.55.30:035][775]LogNet: Browse: 127.0.0.1//Game/FirstPersonBP/Maps/FirstPersonExampleMap
[2015.05.11-06.55.30:036][775]LogInit: WinSock: Socket queue 32768 / 32768
[2015.05.11-06.55.30:036][775]LogNet: Game client on port 7777, rate 10000
[2015.05.11-06.55.30:036][775]LogNet: GetLocalNetworkVersion: GEngineNetVersion: 2513093, ProjectName: telefour, ProjectVersion: , LocalNetworkVersion: -175186362
[2015.05.11-06.55.30:049][775]PIE: Info Play in editor start time for /Game/FirstPersonBP/Maps/FirstPersonExampleMap 0.233
[2015.05.11-06.55.30:054][775]LogNet: NotifyAcceptingConnection: Server FirstPersonExampleMap accept
[2015.05.11-06.55.30:054][775]LogNet: Open FirstPersonExampleMap 05/11/15 16:55:30 127.0.0.1
[2015.05.11-06.55.30:054][775]LogNet: Added client connection.  Remote address = 127.0.0.1:62557
[2015.05.11-06.55.30:054][775]LogNet: NotifyAcceptingChannel Control 0 server World /Game/FirstPersonBP/Maps/UEDPIE_1_FirstPersonExampleMap.FirstPersonExampleMap: Accepted
[2015.05.11-06.55.30:054][775]LogNet: Remote platform little endian=1
[2015.05.11-06.55.30:054][775]LogNet: This platform little endian=1
[2015.05.11-06.55.30:054][775]LogNet: GetLocalNetworkVersion: GEngineNetVersion: 2513093, ProjectName: telefour, ProjectVersion: , LocalNetworkVersion: -175186362
[2015.05.11-06.55.30:054][775]LogNet: NotifyAcceptingConnection: Server FirstPersonExampleMap accept
[2015.05.11-06.55.30:054][775]LogNet: Open FirstPersonExampleMap 05/11/15 16:55:30 127.0.0.1
[2015.05.11-06.55.30:054][775]LogNet: Added client connection.  Remote address = 127.0.0.1:62558
[2015.05.11-06.55.30:054][775]LogNet: NotifyAcceptingChannel Control 0 server World /Game/FirstPersonBP/Maps/UEDPIE_1_FirstPersonExampleMap.FirstPersonExampleMap: Accepted
[2015.05.11-06.55.30:054][775]LogNet: Remote platform little endian=1
[2015.05.11-06.55.30:054][775]LogNet: This platform little endian=1
[2015.05.11-06.55.30:054][775]LogNet: GetLocalNetworkVersion: GEngineNetVersion: 2513093, ProjectName: telefour, ProjectVersion: , LocalNetworkVersion: -175186362
[2015.05.11-06.55.30:138][776]LogNet: Login request: /Game/FirstPersonBP/Maps/FirstPersonExampleMap userId: Invalid
[2015.05.11-06.55.30:139][776]LogNet: Client netspeed is 10000
[2015.05.11-06.55.30:139][776]LogNet: Login request: /Game/FirstPersonBP/Maps/FirstPersonExampleMap userId: Invalid
[2015.05.11-06.55.30:139][776]LogNet: Client netspeed is 10000
[2015.05.11-06.55.30:142][776]LogNet: Welcomed by server (Level: /Game/FirstPersonBP/Maps/UEDPIE_1_FirstPersonExampleMap, Game: /Game/FirstPersonBP/Blueprints/FirstPersonGameMode.FirstPersonGameMode_C)
[2015.05.11-06.55.30:158][776]LogLoad: LoadMap: 127.0.0.1//Game/FirstPersonBP/Maps/UEDPIE_1_FirstPersonExampleMap?game=/Game/FirstPersonBP/Blueprints/FirstPersonGameMode.FirstPersonGameMode_C
[2015.05.11-06.55.30:165][776]LogActorComponent: UnregisterComponent: (/Engine/Transient.ProjectileMovementComponent_40__A6522401) Not registered. Aborting.
[2015.05.11-06.55.30:165][776]LogActorComponent: UnregisterComponent: (/Engine/Transient.CharMoveComp) Not registered. Aborting.
[2015.05.11-06.55.30:196][776]LogParticles: Destroying 0 GPU particle simulations for FXSystem 0x000000000D22C2C0
[2015.05.11-06.55.30:203][776]Cmd: MEM
[2015.05.11-06.55.30:221][776]LogMemory: Platform Memory Stats for Windows
[2015.05.11-06.55.30:221][776]LogMemory: Process Physical Memory: 1079.61 MB used, 1231.59 MB peak
[2015.05.11-06.55.30:221][776]LogMemory: Process Virtual Memory: 985.30 MB used, 1167.37 MB peak
[2015.05.11-06.55.30:221][776]LogMemory: Physical Memory: 6346.36 MB used, 32633.02 MB total
[2015.05.11-06.55.30:221][776]LogMemory: Virtual Memory: 1503.66 MB used, 8388608.00 MB total
[2015.05.11-06.55.30:221][776]LogMemory: 
[2015.05.11-06.55.30:221][776]Allocator Stats for TBB: (not implemented)
[2015.05.11-06.55.30:221][776]LogLinker: Can't find file for asset '/Game/FirstPersonBP/Maps/UEDPIE_1_FirstPersonExampleMap' while loading NULL.
[2015.05.11-06.55.30:241][776]LogWorld: PIE: Copying PIE streaming level from /Game/FirstPersonBP/Maps/FirstPersonExampleMap.FirstPersonExampleMap to /Game/FirstPersonBP/Maps/UEDPIE_2_FirstPersonExampleMap.FirstPersonExampleMap. OwningWorld: None
[2015.05.11-06.55.30:250][776]LogWorld: Bringing World /Game/FirstPersonBP/Maps/UEDPIE_2_FirstPersonExampleMap.FirstPersonExampleMap up for play (max tick rate 0) at 2015.05.11-16.55.30
[2015.05.11-06.55.30:251][776]LogWorld: Bringing up level for play took: 0.007893
[2015.05.11-06.55.30:252][776]LogNet: Welcomed by server (Level: /Game/FirstPersonBP/Maps/UEDPIE_1_FirstPersonExampleMap, Game: /Game/FirstPersonBP/Blueprints/FirstPersonGameMode.FirstPersonGameMode_C)
[2015.05.11-06.55.30:259][776]LogLoad: LoadMap: 127.0.0.1//Game/FirstPersonBP/Maps/UEDPIE_1_FirstPersonExampleMap?game=/Game/FirstPersonBP/Blueprints/FirstPersonGameMode.FirstPersonGameMode_C
[2015.05.11-06.55.30:276][776]LogParticles: Destroying 0 GPU particle simulations for FXSystem 0x000000000D15F420
[2015.05.11-06.55.30:279][776]Cmd: MEM
[2015.05.11-06.55.30:294][776]LogMemory: Platform Memory Stats for Windows
[2015.05.11-06.55.30:295][776]LogMemory: Process Physical Memory: 1088.46 MB used, 1231.59 MB peak
[2015.05.11-06.55.30:295][776]LogMemory: Process Virtual Memory: 997.46 MB used, 1167.37 MB peak
[2015.05.11-06.55.30:295][776]LogMemory: Physical Memory: 6360.20 MB used, 32633.02 MB total
[2015.05.11-06.55.30:295][776]LogMemory: Virtual Memory: 1515.79 MB used, 8388608.00 MB total
[2015.05.11-06.55.30:295][776]LogMemory: 
[2015.05.11-06.55.30:295][776]Allocator Stats for TBB: (not implemented)
[2015.05.11-06.55.30:295][776]LogLinker: Can't find file for asset '/Game/FirstPersonBP/Maps/UEDPIE_1_FirstPersonExampleMap' while loading NULL.
[2015.05.11-06.55.30:311][776]LogWorld: PIE: Copying PIE streaming level from /Game/FirstPersonBP/Maps/FirstPersonExampleMap.FirstPersonExampleMap to /Game/FirstPersonBP/Maps/UEDPIE_3_FirstPersonExampleMap.FirstPersonExampleMap. OwningWorld: None
[2015.05.11-06.55.30:319][776]LogWorld: Bringing World /Game/FirstPersonBP/Maps/UEDPIE_3_FirstPersonExampleMap.FirstPersonExampleMap up for play (max tick rate 0) at 2015.05.11-16.55.30
[2015.05.11-06.55.30:320][776]LogWorld: Bringing up level for play took: 0.006212
[2015.05.11-06.55.30:331][777]LogNet: Join request: /Game/FirstPersonBP/Maps/FirstPersonExampleMap?SplitscreenCount=1
[2015.05.11-06.55.30:334][777]LogNet: Join succeeded: 256
[2015.05.11-06.55.30:334][777]LogNet: Join request: /Game/FirstPersonBP/Maps/FirstPersonExampleMap?SplitscreenCount=1
[2015.05.11-06.55.30:336][777]LogNet: Join succeeded: 257
[2015.05.11-06.55.30:352][778]LogRenderer:Warning: Reallocating scene render targets to support 1280x720 (Frame:562).
[2015.05.11-06.55.39:102][709]LogNet: UChannel::CleanUp: [GameNetDriver] [None] [None]. ChIndex == 0. Closing connection.
[2015.05.11-06.55.39:102][709]LogNet: UNetConnection::Close: Name: None, Driver: GameNetDriver None, PC: None, Owner: None, Channels: 1, RemoteAddr: 127.0.0.1:7777, Time: 2015.05.11-06.55.39
[2015.05.11-06.55.39:102][709]LogNet: UChannel::Close: Sending CloseBunch. ChIndex == 0. Name: ControlChannel_0
[2015.05.11-06.55.39:102][709]LogNet: UChannel::CleanUp: [GameNetDriver] [None] [None]. ChIndex == 0. Closing connection.
[2015.05.11-06.55.39:102][709]LogNet: UNetConnection::Close: Name: None, Driver: GameNetDriver None, PC: None, Owner: None, Channels: 1, RemoteAddr: 127.0.0.1:7777, Time: 2015.05.11-06.55.39
[2015.05.11-06.55.39:102][709]LogNet: UChannel::Close: Sending CloseBunch. ChIndex == 0. Name: ControlChannel_1
[2015.05.11-06.55.39:102][709]LogNet: UChannel::CleanUp: [GameNetDriver] [None] [None]. ChIndex == 0. Closing connection.
[2015.05.11-06.55.39:102][709]LogNet: UNetConnection::Close: Name: None, Driver: GameNetDriver None, PC: None, Owner: None, Channels: 1, RemoteAddr: 127.0.0.1:62557, Time: 2015.05.11-06.55.39
[2015.05.11-06.55.39:102][709]LogNet: UChannel::Close: Sending CloseBunch. ChIndex == 0. Name: ControlChannel_2
[2015.05.11-06.55.39:102][709]LogNet: UChannel::CleanUp: [GameNetDriver] [None] [None]. ChIndex == 0. Closing connection.
[2015.05.11-06.55.39:102][709]LogNet: UNetConnection::Close: Name: None, Driver: GameNetDriver None, PC: None, Owner: None, Channels: 1, RemoteAddr: 127.0.0.1:62558, Time: 2015.05.11-06.55.39
[2015.05.11-06.55.39:102][709]LogNet: UChannel::Close: Sending CloseBunch. ChIndex == 0. Name: ControlChannel_3
[2015.05.11-06.55.39:103][709]LogParticles: Destroying 0 GPU particle simulations for FXSystem 0x000000004CB57C40
[2015.05.11-06.55.39:103][709]LogExit: GameNetDriver None shut down
[2015.05.11-06.55.39:103][709]LogParticles: Destroying 0 GPU particle simulations for FXSystem 0x000000001131C5E0
[2015.05.11-06.55.39:103][709]LogExit: GameNetDriver None shut down
[2015.05.11-06.55.39:103][709]LogParticles: Destroying 0 GPU particle simulations for FXSystem 0x000000004CB55120
[2015.05.11-06.55.39:104][709]LogExit: GameNetDriver None shut down
[2015.05.11-06.56.31:425][ 49]LogPlayLevel: PIE:  No blueprints needed recompiling
[2015.05.11-06.56.31:426][ 49]PIE: New page: PIE session: FirstPersonExampleMap (12 May 2015 2:56:31 am)
[2015.05.11-06.56.31:442][ 49]LogPlayLevel: PIE: StaticDuplicateObject took: (0.016218s)
[2015.05.11-06.56.31:443][ 49]LogPlayLevel: PIE: World Init took: (0.000613s)
[2015.05.11-06.56.31:443][ 49]LogPlayLevel: PIE: Created PIE world by copying editor world from /Game/FirstPersonBP/Maps/FirstPersonExampleMap.FirstPersonExampleMap to /Game/FirstPersonBP/Maps/UEDPIE_1_FirstPersonExampleMap.FirstPersonExampleMap (0.017000s)
[2015.05.11-06.56.31:444][ 49]LogWorld: Game class is 'FirstPersonGameMode_C'
[2015.05.11-06.56.31:446][ 49]LogAIModule: Creating AISystem for world FirstPersonExampleMap
[2015.05.11-06.56.31:452][ 49]LogWorld: Bringing World /Game/FirstPersonBP/Maps/UEDPIE_1_FirstPersonExampleMap.FirstPersonExampleMap up for play (max tick rate 0) at 2015.05.11-16.56.31
[2015.05.11-06.56.31:452][ 49]LogWorld: Bringing up level for play took: 0.006377
[2015.05.11-06.56.31:453][ 49]LogInit: WinSock: Socket queue 131072 / 131072
[2015.05.11-06.56.31:453][ 49]LogNet: GameNetDriver IpNetDriver_3 IpNetDriver listening on port 7777
[2015.05.11-06.56.31:453][ 49]PIE: Info Play in editor start time for /Game/FirstPersonBP/Maps/UEDPIE_1_FirstPersonExampleMap -0.364
[2015.05.11-06.56.31:458][ 49]PIE: New page: PIE session: FirstPersonExampleMap (12 May 2015 2:56:31 am)
[2015.05.11-06.56.31:504][ 49]LogNet: Browse: 127.0.0.1//Game/FirstPersonBP/Maps/FirstPersonExampleMap
[2015.05.11-06.56.31:505][ 49]LogInit: WinSock: Socket queue 32768 / 32768
[2015.05.11-06.56.31:505][ 49]LogNet: Game client on port 7777, rate 10000
[2015.05.11-06.56.31:505][ 49]LogNet: GetLocalNetworkVersion: GEngineNetVersion: 2513093, ProjectName: telefour, ProjectVersion: , LocalNetworkVersion: -175186362
[2015.05.11-06.56.31:527][ 49]PIE: Info Play in editor start time for /Game/FirstPersonBP/Maps/FirstPersonExampleMap -0.29
[2015.05.11-06.56.31:532][ 49]PIE: New page: PIE session: FirstPersonExampleMap (12 May 2015 2:56:31 am)
[2015.05.11-06.56.31:577][ 49]LogNet: Browse: 127.0.0.1//Game/FirstPersonBP/Maps/FirstPersonExampleMap
[2015.05.11-06.56.31:578][ 49]LogInit: WinSock: Socket queue 32768 / 32768
[2015.05.11-06.56.31:578][ 49]LogNet: Game client on port 7777, rate 10000
[2015.05.11-06.56.31:578][ 49]LogNet: GetLocalNetworkVersion: GEngineNetVersion: 2513093, ProjectName: telefour, ProjectVersion: , LocalNetworkVersion: -175186362
[2015.05.11-06.56.31:601][ 49]PIE: Info Play in editor start time for /Game/FirstPersonBP/Maps/FirstPersonExampleMap -0.216
[2015.05.11-06.56.31:606][ 49]LogNet: NotifyAcceptingConnection: Server FirstPersonExampleMap accept
[2015.05.11-06.56.31:606][ 49]LogNet: Open FirstPersonExampleMap 05/11/15 16:56:31 127.0.0.1
[2015.05.11-06.56.31:606][ 49]LogNet: Added client connection.  Remote address = 127.0.0.1:58090
[2015.05.11-06.56.31:606][ 49]LogNet: NotifyAcceptingChannel Control 0 server World /Game/FirstPersonBP/Maps/UEDPIE_1_FirstPersonExampleMap.FirstPersonExampleMap: Accepted
[2015.05.11-06.56.31:606][ 49]LogNet: Remote platform little endian=1
[2015.05.11-06.56.31:606][ 49]LogNet: This platform little endian=1
[2015.05.11-06.56.31:606][ 49]LogNet: GetLocalNetworkVersion: GEngineNetVersion: 2513093, ProjectName: telefour, ProjectVersion: , LocalNetworkVersion: -175186362
[2015.05.11-06.56.31:606][ 49]LogNet: NotifyAcceptingConnection: Server FirstPersonExampleMap accept
[2015.05.11-06.56.31:606][ 49]LogNet: Open FirstPersonExampleMap 05/11/15 16:56:31 127.0.0.1
[2015.05.11-06.56.31:606][ 49]LogNet: Added client connection.  Remote address = 127.0.0.1:58091
[2015.05.11-06.56.31:606][ 49]LogNet: NotifyAcceptingChannel Control 0 server World /Game/FirstPersonBP/Maps/UEDPIE_1_FirstPersonExampleMap.FirstPersonExampleMap: Accepted
[2015.05.11-06.56.31:606][ 49]LogNet: Remote platform little endian=1
[2015.05.11-06.56.31:606][ 49]LogNet: This platform little endian=1
[2015.05.11-06.56.31:606][ 49]LogNet: GetLocalNetworkVersion: GEngineNetVersion: 2513093, ProjectName: telefour, ProjectVersion: , LocalNetworkVersion: -175186362
[2015.05.11-06.56.31:691][ 50]LogNet: Login request: /Game/FirstPersonBP/Maps/FirstPersonExampleMap userId: Invalid
[2015.05.11-06.56.31:691][ 50]LogNet: Client netspeed is 10000
[2015.05.11-06.56.31:691][ 50]LogNet: Login request: /Game/FirstPersonBP/Maps/FirstPersonExampleMap userId: Invalid
[2015.05.11-06.56.31:691][ 50]LogNet: Client netspeed is 10000
[2015.05.11-06.56.31:693][ 50]LogNet: Welcomed by server (Level: /Game/FirstPersonBP/Maps/UEDPIE_1_FirstPersonExampleMap, Game: /Game/FirstPersonBP/Blueprints/FirstPersonGameMode.FirstPersonGameMode_C)
[2015.05.11-06.56.31:698][ 50]LogLoad: LoadMap: 127.0.0.1//Game/FirstPersonBP/Maps/UEDPIE_1_FirstPersonExampleMap?game=/Game/FirstPersonBP/Blueprints/FirstPersonGameMode.FirstPersonGameMode_C
[2015.05.11-06.56.31:713][ 50]LogParticles: Destroying 0 GPU particle simulations for FXSystem 0x000000000F68D620
[2015.05.11-06.56.31:715][ 50]Cmd: MEM
[2015.05.11-06.56.31:729][ 50]LogMemory: Platform Memory Stats for Windows
[2015.05.11-06.56.31:729][ 50]LogMemory: Process Physical Memory: 1134.63 MB used, 1231.59 MB peak
[2015.05.11-06.56.31:729][ 50]LogMemory: Process Virtual Memory: 1044.15 MB used, 1167.37 MB peak
[2015.05.11-06.56.31:729][ 50]LogMemory: Physical Memory: 6394.59 MB used, 32633.02 MB total
[2015.05.11-06.56.31:729][ 50]LogMemory: Virtual Memory: 1574.04 MB used, 8388608.00 MB total
[2015.05.11-06.56.31:729][ 50]LogMemory: 
[2015.05.11-06.56.31:729][ 50]Allocator Stats for TBB: (not implemented)
[2015.05.11-06.56.31:730][ 50]LogLinker: Can't find file for asset '/Game/FirstPersonBP/Maps/UEDPIE_1_FirstPersonExampleMap' while loading NULL.
[2015.05.11-06.56.31:746][ 50]LogWorld: PIE: Copying PIE streaming level from /Game/FirstPersonBP/Maps/FirstPersonExampleMap.FirstPersonExampleMap to /Game/FirstPersonBP/Maps/UEDPIE_2_FirstPersonExampleMap.FirstPersonExampleMap. OwningWorld: None
[2015.05.11-06.56.31:754][ 50]LogWorld: Bringing World /Game/FirstPersonBP/Maps/UEDPIE_2_FirstPersonExampleMap.FirstPersonExampleMap up for play (max tick rate 0) at 2015.05.11-16.56.31
[2015.05.11-06.56.31:754][ 50]LogWorld: Bringing up level for play took: 0.006290
[2015.05.11-06.56.31:755][ 50]LogNet: Welcomed by server (Level: /Game/FirstPersonBP/Maps/UEDPIE_1_FirstPersonExampleMap, Game: /Game/FirstPersonBP/Blueprints/FirstPersonGameMode.FirstPersonGameMode_C)
[2015.05.11-06.56.31:761][ 50]LogLoad: LoadMap: 127.0.0.1//Game/FirstPersonBP/Maps/UEDPIE_1_FirstPersonExampleMap?game=/Game/FirstPersonBP/Blueprints/FirstPersonGameMode.FirstPersonGameMode_C
[2015.05.11-06.56.31:776][ 50]LogParticles: Destroying 0 GPU particle simulations for FXSystem 0x0000000052B67240
[2015.05.11-06.56.31:776][ 50]Cmd: MEM
[2015.05.11-06.56.31:790][ 50]LogMemory: Platform Memory Stats for Windows
[2015.05.11-06.56.31:790][ 50]LogMemory: Process Physical Memory: 1142.66 MB used, 1231.59 MB peak
[2015.05.11-06.56.31:790][ 50]LogMemory: Process Virtual Memory: 1052.23 MB used, 1167.37 MB peak
[2015.05.11-06.56.31:790][ 50]LogMemory: Physical Memory: 6407.14 MB used, 32633.02 MB total
[2015.05.11-06.56.31:790][ 50]LogMemory: Virtual Memory: 1582.10 MB used, 8388608.00 MB total
[2015.05.11-06.56.31:790][ 50]LogMemory: 
[2015.05.11-06.56.31:790][ 50]Allocator Stats for TBB: (not implemented)
[2015.05.11-06.56.31:790][ 50]LogLinker: Can't find file for asset '/Game/FirstPersonBP/Maps/UEDPIE_1_FirstPersonExampleMap' while loading NULL.
[2015.05.11-06.56.31:807][ 50]LogWorld: PIE: Copying PIE streaming level from /Game/FirstPersonBP/Maps/FirstPersonExampleMap.FirstPersonExampleMap to /Game/FirstPersonBP/Maps/UEDPIE_3_FirstPersonExampleMap.FirstPersonExampleMap. OwningWorld: None
[2015.05.11-06.56.31:815][ 50]LogWorld: Bringing World /Game/FirstPersonBP/Maps/UEDPIE_3_FirstPersonExampleMap.FirstPersonExampleMap up for play (max tick rate 0) at 2015.05.11-16.56.31
[2015.05.11-06.56.31:815][ 50]LogWorld: Bringing up level for play took: 0.006047
[2015.05.11-06.56.31:827][ 51]LogNet: Join request: /Game/FirstPersonBP/Maps/FirstPersonExampleMap?SplitscreenCount=1
[2015.05.11-06.56.31:830][ 51]LogNet: Join succeeded: 258
[2015.05.11-06.56.31:830][ 51]LogNet: Join request: /Game/FirstPersonBP/Maps/FirstPersonExampleMap?SplitscreenCount=1
[2015.05.11-06.56.31:831][ 51]LogNet: Join succeeded: 259
[2015.05.11-06.56.50:484][ 22]LogNet: UChannel::CleanUp: [GameNetDriver] [None] [None]. ChIndex == 0. Closing connection.
[2015.05.11-06.56.50:484][ 22]LogNet: UNetConnection::Close: Name: IpConnection_7, Driver: GameNetDriver IpNetDriver_3, PC: None, Owner: None, Channels: 2, RemoteAddr: 127.0.0.1:58091, Time: 2015.05.11-06.56.50
[2015.05.11-06.56.50:484][ 22]LogNet: UChannel::Close: Sending CloseBunch. ChIndex == 0. Name: ControlChannel_7
[2015.05.11-06.56.50:484][ 22]LogNet: UChannel::CleanUp: [GameNetDriver] [None] [None]. ChIndex == 0. Closing connection.
[2015.05.11-06.56.50:484][ 22]LogNet: UNetConnection::Close: Name: IpConnection_6, Driver: GameNetDriver IpNetDriver_3, PC: None, Owner: None, Channels: 2, RemoteAddr: 127.0.0.1:58090, Time: 2015.05.11-06.56.50
[2015.05.11-06.56.50:484][ 22]LogNet: UChannel::Close: Sending CloseBunch. ChIndex == 0. Name: ControlChannel_6
[2015.05.11-06.56.50:485][ 22]LogNet: UChannel::CleanUp: [GameNetDriver] [None] [None]. ChIndex == 0. Closing connection.
[2015.05.11-06.56.50:485][ 22]LogNet: UNetConnection::Close: Name: IpConnection_5, Driver: GameNetDriver IpNetDriver_5, PC: None, Owner: None, Channels: 2, RemoteAddr: 127.0.0.1:7777, Time: 2015.05.11-06.56.50
[2015.05.11-06.56.50:485][ 22]LogNet: UChannel::Close: Sending CloseBunch. ChIndex == 0. Name: ControlChannel_5
[2015.05.11-06.56.50:485][ 22]LogNet: UChannel::CleanUp: [GameNetDriver] [None] [None]. ChIndex == 0. Closing connection.
[2015.05.11-06.56.50:485][ 22]LogNet: UNetConnection::Close: Name: IpConnection_4, Driver: GameNetDriver IpNetDriver_4, PC: None, Owner: None, Channels: 2, RemoteAddr: 127.0.0.1:7777, Time: 2015.05.11-06.56.50
[2015.05.11-06.56.50:485][ 22]LogNet: UChannel::Close: Sending CloseBunch. ChIndex == 0. Name: ControlChannel_4
[2015.05.11-06.56.50:486][ 22]LogExit: GameNetDriver None shut down
[2015.05.11-06.56.50:486][ 22]LogExit: GameNetDriver None shut down
[2015.05.11-06.56.50:486][ 22]LogExit: GameNetDriver None shut down
[2015.05.11-06.56.50:486][ 22]LogParticles: Destroying 0 GPU particle simulations for FXSystem 0x000000000F68E980
[2015.05.11-06.56.50:578][ 23]LogParticles: Destroying 0 GPU particle simulations for FXSystem 0x000000004627E8E0
[2015.05.11-06.56.50:578][ 23]LogParticles: Destroying 0 GPU particle simulations for FXSystem 0x000000004627D260
[2015.05.11-06.56.55:283][368]LogPlayLevel: PIE:  No blueprints needed recompiling
[2015.05.11-06.56.55:288][368]PIE: New page: PIE session: FirstPersonExampleMap (12 May 2015 2:56:55 am)
[2015.05.11-06.56.55:305][368]LogPlayLevel: PIE: StaticDuplicateObject took: (0.016274s)
[2015.05.11-06.56.55:305][368]LogPlayLevel: PIE: World Init took: (0.000610s)
[2015.05.11-06.56.55:305][368]LogPlayLevel: PIE: Created PIE world by copying editor world from /Game/FirstPersonBP/Maps/FirstPersonExampleMap.FirstPersonExampleMap to /Game/FirstPersonBP/Maps/UEDPIE_1_FirstPersonExampleMap.FirstPersonExampleMap (0.017053s)
[2015.05.11-06.56.55:350][368]LogWorld: Game class is 'FirstPersonGameMode_C'
[2015.05.11-06.56.55:351][368]LogAIModule: Creating AISystem for world FirstPersonExampleMap
[2015.05.11-06.56.55:357][368]LogWorld: Bringing World /Game/FirstPersonBP/Maps/UEDPIE_1_FirstPersonExampleMap.FirstPersonExampleMap up for play (max tick rate 0) at 2015.05.11-16.56.55
[2015.05.11-06.56.55:358][368]LogWorld: Bringing up level for play took: 0.006155
[2015.05.11-06.56.55:359][368]LogInit: WinSock: Socket queue 131072 / 131072
[2015.05.11-06.56.55:359][368]LogNet: GameNetDriver IpNetDriver_6 IpNetDriver listening on port 7777
[2015.05.11-06.56.55:384][368]PIE: Info Play in editor start time for /Game/FirstPersonBP/Maps/UEDPIE_1_FirstPersonExampleMap -0.433
[2015.05.11-06.56.55:389][368]PIE: New page: PIE session: FirstPersonExampleMap (12 May 2015 2:56:55 am)
[2015.05.11-06.56.55:433][368]LogNet: Browse: 127.0.0.1//Game/FirstPersonBP/Maps/FirstPersonExampleMap
[2015.05.11-06.56.55:434][368]LogInit: WinSock: Socket queue 32768 / 32768
[2015.05.11-06.56.55:434][368]LogNet: Game client on port 7777, rate 10000
[2015.05.11-06.56.55:434][368]LogNet: GetLocalNetworkVersion: GEngineNetVersion: 2513093, ProjectName: telefour, ProjectVersion: , LocalNetworkVersion: -175186362
[2015.05.11-06.56.55:457][368]PIE: Info Play in editor start time for /Game/FirstPersonBP/Maps/FirstPersonExampleMap -0.36
[2015.05.11-06.56.55:462][368]LogNet: NotifyAcceptingConnection: Server FirstPersonExampleMap accept
[2015.05.11-06.56.55:462][368]LogNet: Open FirstPersonExampleMap 05/11/15 16:56:55 127.0.0.1
[2015.05.11-06.56.55:462][368]LogNet: Added client connection.  Remote address = 127.0.0.1:55377
[2015.05.11-06.56.55:462][368]LogNet: NotifyAcceptingChannel Control 0 server World /Game/FirstPersonBP/Maps/UEDPIE_1_FirstPersonExampleMap.FirstPersonExampleMap: Accepted
[2015.05.11-06.56.55:462][368]LogNet: Remote platform little endian=1
[2015.05.11-06.56.55:462][368]LogNet: This platform little endian=1
[2015.05.11-06.56.55:462][368]LogNet: GetLocalNetworkVersion: GEngineNetVersion: 2513093, ProjectName: telefour, ProjectVersion: , LocalNetworkVersion: -175186362
[2015.05.11-06.56.55:483][368]LogRenderer:Warning: Reallocating scene render targets to support 1296x760 (Frame:4567).
[2015.05.11-06.56.55:541][369]LogNet: Login request: /Game/FirstPersonBP/Maps/FirstPersonExampleMap userId: Invalid
[2015.05.11-06.56.55:542][369]LogNet: Client netspeed is 10000
[2015.05.11-06.56.55:543][369]LogNet: Welcomed by server (Level: /Game/FirstPersonBP/Maps/UEDPIE_1_FirstPersonExampleMap, Game: /Game/FirstPersonBP/Blueprints/FirstPersonGameMode.FirstPersonGameMode_C)
[2015.05.11-06.56.55:551][369]LogLoad: LoadMap: 127.0.0.1//Game/FirstPersonBP/Maps/UEDPIE_1_FirstPersonExampleMap?game=/Game/FirstPersonBP/Blueprints/FirstPersonGameMode.FirstPersonGameMode_C
[2015.05.11-06.56.55:565][369]LogParticles: Destroying 0 GPU particle simulations for FXSystem 0x000000000CF75B20
[2015.05.11-06.56.55:568][369]Cmd: MEM
[2015.05.11-06.56.55:583][369]LogMemory: Platform Memory Stats for Windows
[2015.05.11-06.56.55:583][369]LogMemory: Process Physical Memory: 1155.93 MB used, 1231.59 MB peak
[2015.05.11-06.56.55:583][369]LogMemory: Process Virtual Memory: 1071.45 MB used, 1167.37 MB peak
[2015.05.11-06.56.55:583][369]LogMemory: Physical Memory: 6416.94 MB used, 32633.02 MB total
[2015.05.11-06.56.55:583][369]LogMemory: Virtual Memory: 1596.48 MB used, 8388608.00 MB total
[2015.05.11-06.56.55:583][369]LogMemory: 
[2015.05.11-06.56.55:583][369]Allocator Stats for TBB: (not implemented)
[2015.05.11-06.56.55:583][369]LogLinker: Can't find file for asset '/Game/FirstPersonBP/Maps/UEDPIE_1_FirstPersonExampleMap' while loading NULL.
[2015.05.11-06.56.55:600][369]LogWorld: PIE: Copying PIE streaming level from /Game/FirstPersonBP/Maps/FirstPersonExampleMap.FirstPersonExampleMap to /Game/FirstPersonBP/Maps/UEDPIE_2_FirstPersonExampleMap.FirstPersonExampleMap. OwningWorld: None
[2015.05.11-06.56.55:608][369]LogWorld: Bringing World /Game/FirstPersonBP/Maps/UEDPIE_2_FirstPersonExampleMap.FirstPersonExampleMap up for play (max tick rate 0) at 2015.05.11-16.56.55
[2015.05.11-06.56.55:609][369]LogWorld: Bringing up level for play took: 0.006355
[2015.05.11-06.56.55:622][370]LogNet: Join request: /Game/FirstPersonBP/Maps/FirstPersonExampleMap?SplitscreenCount=1
[2015.05.11-06.56.55:624][370]LogNet: Join succeeded: 261
[2015.05.11-06.57.10:828][283]LogSpawn:Warning: SpawnActor failed because we are in the process of tearing down the world
[2015.05.11-06.57.10:885][283]LogNet: UChannel::CleanUp: [GameNetDriver] [None] [None]. ChIndex == 0. Closing connection.
[2015.05.11-06.57.10:885][283]LogNet: UNetConnection::Close: Name: IpConnection_9, Driver: GameNetDriver IpNetDriver_6, PC: None, Owner: None, Channels: 2, RemoteAddr: 127.0.0.1:55377, Time: 2015.05.11-06.57.10
[2015.05.11-06.57.10:885][283]LogNet: UChannel::Close: Sending CloseBunch. ChIndex == 0. Name: ControlChannel_9
[2015.05.11-06.57.10:885][283]LogNet: UChannel::CleanUp: [GameNetDriver] [None] [None]. ChIndex == 0. Closing connection.
[2015.05.11-06.57.10:885][283]LogNet: UNetConnection::Close: Name: IpConnection_8, Driver: GameNetDriver IpNetDriver_7, PC: None, Owner: None, Channels: 2, RemoteAddr: 127.0.0.1:7777, Time: 2015.05.11-06.57.10
[2015.05.11-06.57.10:885][283]LogNet: UChannel::Close: Sending CloseBunch. ChIndex == 0. Name: ControlChannel_8
[2015.05.11-06.57.10:886][283]LogExit: GameNetDriver None shut down
[2015.05.11-06.57.10:886][283]LogExit: GameNetDriver None shut down
[2015.05.11-06.57.10:887][283]LogParticles: Destroying 0 GPU particle simulations for FXSystem 0x000000000D046FC0
[2015.05.11-06.57.10:977][284]LogParticles: Destroying 0 GPU particle simulations for FXSystem 0x000000000D103B00
[2015.05.11-06.57.13:223][468]LogRenderer:Warning: Reallocating scene render targets to support 1296x904 (Frame:6394).
[2015.05.11-06.58.33:008][129]LogPlayLevel: PIE:  No blueprints needed recompiling
[2015.05.11-06.58.33:013][129]PIE: New page: PIE session: FirstPersonExampleMap (12 May 2015 2:58:33 am)
[2015.05.11-06.58.33:029][129]LogPlayLevel: PIE: StaticDuplicateObject took: (0.015191s)
[2015.05.11-06.58.33:030][129]LogPlayLevel: PIE: World Init took: (0.000599s)
[2015.05.11-06.58.33:030][129]LogPlayLevel: PIE: Created PIE world by copying editor world from /Game/FirstPersonBP/Maps/FirstPersonExampleMap.FirstPersonExampleMap to /Game/FirstPersonBP/Maps/UEDPIE_1_FirstPersonExampleMap.FirstPersonExampleMap (0.015988s)
[2015.05.11-06.58.33:075][129]LogWorld: Game class is 'FirstPersonGameMode_C'
[2015.05.11-06.58.33:077][129]LogAIModule: Creating AISystem for world FirstPersonExampleMap
[2015.05.11-06.58.33:083][129]LogWorld: Bringing World /Game/FirstPersonBP/Maps/UEDPIE_1_FirstPersonExampleMap.FirstPersonExampleMap up for play (max tick rate 0) at 2015.05.11-16.58.33
[2015.05.11-06.58.33:083][129]LogWorld: Bringing up level for play took: 0.006124
[2015.05.11-06.58.33:084][129]LogInit: WinSock: Socket queue 131072 / 131072
[2015.05.11-06.58.33:085][129]LogNet: GameNetDriver IpNetDriver_8 IpNetDriver listening on port 7777
[2015.05.11-06.58.33:098][129]PIE: Info Play in editor start time for /Game/FirstPersonBP/Maps/UEDPIE_1_FirstPersonExampleMap -0.721
[2015.05.11-06.58.33:104][129]PIE: New page: PIE session: FirstPersonExampleMap (12 May 2015 2:58:33 am)
[2015.05.11-06.58.33:146][129]LogNet: Browse: 127.0.0.1//Game/FirstPersonBP/Maps/FirstPersonExampleMap
[2015.05.11-06.58.33:147][129]LogInit: WinSock: Socket queue 32768 / 32768
[2015.05.11-06.58.33:147][129]LogNet: Game client on port 7777, rate 10000
[2015.05.11-06.58.33:147][129]LogNet: GetLocalNetworkVersion: GEngineNetVersion: 2513093, ProjectName: telefour, ProjectVersion: , LocalNetworkVersion: -175186362
[2015.05.11-06.58.33:161][129]PIE: Info Play in editor start time for /Game/FirstPersonBP/Maps/FirstPersonExampleMap -0.658
[2015.05.11-06.58.33:166][129]LogNet: NotifyAcceptingConnection: Server FirstPersonExampleMap accept
[2015.05.11-06.58.33:166][129]LogNet: Open FirstPersonExampleMap 05/11/15 16:58:33 127.0.0.1
[2015.05.11-06.58.33:166][129]LogNet: Added client connection.  Remote address = 127.0.0.1:57659
[2015.05.11-06.58.33:166][129]LogNet: NotifyAcceptingChannel Control 0 server World /Game/FirstPersonBP/Maps/UEDPIE_1_FirstPersonExampleMap.FirstPersonExampleMap: Accepted
[2015.05.11-06.58.33:166][129]LogNet: Remote platform little endian=1
[2015.05.11-06.58.33:166][129]LogNet: This platform little endian=1
[2015.05.11-06.58.33:166][129]LogNet: GetLocalNetworkVersion: GEngineNetVersion: 2513093, ProjectName: telefour, ProjectVersion: , LocalNetworkVersion: -175186362
[2015.05.11-06.58.33:246][130]LogNet: Login request: /Game/FirstPersonBP/Maps/FirstPersonExampleMap userId: Invalid
[2015.05.11-06.58.33:246][130]LogNet: Client netspeed is 10000
[2015.05.11-06.58.33:247][130]LogNet: Welcomed by server (Level: /Game/FirstPersonBP/Maps/UEDPIE_1_FirstPersonExampleMap, Game: /Game/FirstPersonBP/Blueprints/FirstPersonGameMode.FirstPersonGameMode_C)
[2015.05.11-06.58.33:253][130]LogLoad: LoadMap: 127.0.0.1//Game/FirstPersonBP/Maps/UEDPIE_1_FirstPersonExampleMap?game=/Game/FirstPersonBP/Blueprints/FirstPersonGameMode.FirstPersonGameMode_C
[2015.05.11-06.58.33:268][130]LogParticles: Destroying 0 GPU particle simulations for FXSystem 0x000000000CF3E5C0
[2015.05.11-06.58.33:270][130]Cmd: MEM
[2015.05.11-06.58.33:285][130]LogMemory: Platform Memory Stats for Windows
[2015.05.11-06.58.33:285][130]LogMemory: Process Physical Memory: 1175.21 MB used, 1231.59 MB peak
[2015.05.11-06.58.33:285][130]LogMemory: Process Virtual Memory: 1087.89 MB used, 1167.37 MB peak
[2015.05.11-06.58.33:285][130]LogMemory: Physical Memory: 6406.11 MB used, 32633.02 MB total
[2015.05.11-06.58.33:285][130]LogMemory: Virtual Memory: 1606.64 MB used, 8388608.00 MB total
[2015.05.11-06.58.33:285][130]LogMemory: 
[2015.05.11-06.58.33:285][130]Allocator Stats for TBB: (not implemented)
[2015.05.11-06.58.33:285][130]LogLinker: Can't find file for asset '/Game/FirstPersonBP/Maps/UEDPIE_1_FirstPersonExampleMap' while loading NULL.
[2015.05.11-06.58.33:302][130]LogWorld: PIE: Copying PIE streaming level from /Game/FirstPersonBP/Maps/FirstPersonExampleMap.FirstPersonExampleMap to /Game/FirstPersonBP/Maps/UEDPIE_2_FirstPersonExampleMap.FirstPersonExampleMap. OwningWorld: None
[2015.05.11-06.58.33:310][130]LogWorld: Bringing World /Game/FirstPersonBP/Maps/UEDPIE_2_FirstPersonExampleMap.FirstPersonExampleMap up for play (max tick rate 0) at 2015.05.11-16.58.33
[2015.05.11-06.58.33:310][130]LogWorld: Bringing up level for play took: 0.005877
[2015.05.11-06.58.33:321][131]LogNet: Join request: /Game/FirstPersonBP/Maps/FirstPersonExampleMap?SplitscreenCount=1
[2015.05.11-06.58.33:323][131]LogNet: Join succeeded: 263
[2015.05.11-06.58.37:802][611]LogSpawn:Warning: SpawnActor failed because we are in the process of tearing down the world
[2015.05.11-06.58.37:859][611]LogNet: UChannel::CleanUp: [GameNetDriver] [None] [None]. ChIndex == 0. Closing connection.
[2015.05.11-06.58.37:859][611]LogNet: UNetConnection::Close: Name: IpConnection_11, Driver: GameNetDriver IpNetDriver_8, PC: None, Owner: None, Channels: 2, RemoteAddr: 127.0.0.1:57659, Time: 2015.05.11-06.58.37
[2015.05.11-06.58.37:859][611]LogNet: UChannel::Close: Sending CloseBunch. ChIndex == 0. Name: ControlChannel_11
[2015.05.11-06.58.37:859][611]LogNet: UChannel::CleanUp: [GameNetDriver] [None] [None]. ChIndex == 0. Closing connection.
[2015.05.11-06.58.37:859][611]LogNet: UNetConnection::Close: Name: IpConnection_10, Driver: GameNetDriver IpNetDriver_9, PC: None, Owner: None, Channels: 2, RemoteAddr: 127.0.0.1:7777, Time: 2015.05.11-06.58.37
[2015.05.11-06.58.37:859][611]LogNet: UChannel::Close: Sending CloseBunch. ChIndex == 0. Name: ControlChannel_10
[2015.05.11-06.58.37:861][611]LogExit: GameNetDriver None shut down
[2015.05.11-06.58.37:861][611]LogExit: GameNetDriver None shut down
[2015.05.11-06.58.37:861][611]LogParticles: Destroying 0 GPU particle simulations for FXSystem 0x000000000F6E6F20
[2015.05.11-06.58.37:876][612]LogParticles: Destroying 0 GPU particle simulations for FXSystem 0x0000000043FF2520
[2015.05.11-07.00.48:806][646]LogContentBrowser:Verbose: The content browser source was changed by the sources view to '/Game'
[2015.05.11-07.00.51:498][900]LogContentBrowser:Verbose: The content browser source was changed by the sources view to '/Game/FirstPersonBP'
[2015.05.11-07.00.54:262][184]LogContentBrowser:Verbose: The content browser source was changed by the sources view to '/Game/FirstPersonBP/Maps'
[2015.05.11-07.00.57:934][520]LogActorComponent: UnregisterComponent: (/Engine/Transient.ProjectileMovementComponent_40__A6522401) Not registered. Aborting.
[2015.05.11-07.00.57:934][520]LogActorComponent: UnregisterComponent: (/Engine/Transient.CharMoveComp) Not registered. Aborting.
[2015.05.11-07.01.01:757][520]LogSavePackage: Save=332.132629ms
[2015.05.11-07.01.01:757][520]LogSavePackage: Moving '../../../../../../../Users/daniel.waterston/Desktop/Telefour/Telefour/Saved/FirstPersonCharacter16A51B8648E02958403E3BAC42D5BA9F.tmp' to '../../../../../../../Users/daniel.waterston/Desktop/Telefour/Telefour/Content/FirstPersonBP/Blueprints/FirstPersonCharacter.uasset'
[2015.05.11-07.01.01:763][520]Cmd: MAP LOAD FILE="../../../../../../../Users/daniel.waterston/Desktop/Telefour/Telefour/Content/FirstPersonBP/Maps/FirstPersonExampleMap.umap" TEMPLATE=0 SHOWPROGRESS=1 FEATURELEVEL=3
[2015.05.11-07.01.01:763][520]LightingResults: New page: Lighting Build
[2015.05.11-07.01.01:780][520]LoadErrors: New page: Loading map: FirstPersonExampleMap.umap
[2015.05.11-07.01.01:781][520]MapCheck: New page: Map Check
[2015.05.11-07.01.01:781][520]LightingResults: New page: Lighting Build
[2015.05.11-07.01.01:781][520]LogActorComponent: UnregisterComponent: (/Engine/Transient.CharMoveComp) Not registered. Aborting.
[2015.05.11-07.01.01:793][520]LogParticles: Destroying 0 GPU particle simulations for FXSystem 0x000000000D4FD620
[2015.05.11-07.01.01:902][520]LogEditorServer: Finished looking for orphan Actors (0.000 secs)
[2015.05.11-07.01.02:590][520]LogAIModule: Creating AISystem for world FirstPersonExampleMap
[2015.05.11-07.01.02:641][520]Cmd: MAP CHECKDEP
[2015.05.11-07.01.02:641][520]MapCheck: New page: FirstPersonExampleMap - 12 May 2015 3:01:02 am
[2015.05.11-07.01.02:708][520]MapCheck: Info Map check complete: 0 Error(s), 0 Warning(s), took 67.711ms to complete.
[2015.05.11-07.01.02:709][520]LogFileHelpers: Loading map 'FirstPersonExampleMap' took 0.948
[2015.05.11-07.01.08:797][170]Cmd: MAP LOAD FILE="../../../../../../../Users/daniel.waterston/Desktop/Telefour/Telefour/Content/FirstPersonBP/Maps/FirstPersonExampleMap.umap" TEMPLATE=0 SHOWPROGRESS=1 FEATURELEVEL=3
[2015.05.11-07.01.08:798][170]LightingResults: New page: Lighting Build
[2015.05.11-07.01.08:815][170]LoadErrors: New page: Loading map: FirstPersonExampleMap.umap
[2015.05.11-07.01.08:816][170]MapCheck: New page: Map Check
[2015.05.11-07.01.08:816][170]LightingResults: New page: Lighting Build
[2015.05.11-07.01.08:876][170]LogParticles: Destroying 0 GPU particle simulations for FXSystem 0x0000000043FF3F60
[2015.05.11-07.01.08:907][170]LogEditorServer: Finished looking for orphan Actors (0.000 secs)
[2015.05.11-07.01.09:593][170]LogAIModule: Creating AISystem for world FirstPersonExampleMap
[2015.05.11-07.01.09:655][170]Cmd: MAP CHECKDEP
[2015.05.11-07.01.09:655][170]MapCheck: New page: FirstPersonExampleMap - 12 May 2015 3:01:09 am
[2015.05.11-07.01.09:722][170]MapCheck: Info Map check complete: 0 Error(s), 0 Warning(s), took 67.062ms to complete.
[2015.05.11-07.01.09:723][170]LogFileHelpers: Loading map 'FirstPersonExampleMap' took 0.927
[2015.05.11-07.01.35:655][552]LogContentBrowser:Verbose: The content browser source was changed by the sources view to '/Game/FirstPersonBP/Maps'
[2015.05.11-07.01.36:851][694]LogContentBrowser:Verbose: The content browser source was changed by the sources view to '/Game/FirstPersonBP'
[2015.05.11-07.05.04:915][251]BlueprintLog: New page: Pre-PIE auto-recompile
[2015.05.11-07.05.04:922][251]LogPlayLevel: [PIE] Compiling FirstPersonCharacter before PIE...
[2015.05.11-07.05.05:037][251]LogPlayLevel: PIE:  Blueprint regeneration took 121 ms (1 blueprints)
[2015.05.11-07.05.05:042][251]PIE: New page: PIE session: FirstPersonExampleMap (12 May 2015 3:05:05 am)
[2015.05.11-07.05.05:059][251]LogPlayLevel: PIE: StaticDuplicateObject took: (0.016776s)
[2015.05.11-07.05.05:060][251]LogPlayLevel: PIE: World Init took: (0.000635s)
[2015.05.11-07.05.05:060][251]LogPlayLevel: PIE: Created PIE world by copying editor world from /Game/FirstPersonBP/Maps/FirstPersonExampleMap.FirstPersonExampleMap to /Game/FirstPersonBP/Maps/UEDPIE_1_FirstPersonExampleMap.FirstPersonExampleMap (0.017578s)
[2015.05.11-07.05.05:107][251]LogWorld: Game class is 'FirstPersonGameMode_C'
[2015.05.11-07.05.05:108][251]LogAIModule: Creating AISystem for world FirstPersonExampleMap
[2015.05.11-07.05.05:114][251]LogWorld: Bringing World /Game/FirstPersonBP/Maps/UEDPIE_1_FirstPersonExampleMap.FirstPersonExampleMap up for play (max tick rate 0) at 2015.05.11-17.05.05
[2015.05.11-07.05.05:115][251]LogWorld: Bringing up level for play took: 0.006562
[2015.05.11-07.05.05:116][251]LogInit: WinSock: Socket queue 131072 / 131072
[2015.05.11-07.05.05:117][251]LogNet: GameNetDriver IpNetDriver_10 IpNetDriver listening on port 7777
[2015.05.11-07.05.05:125][251]PIE: Info Play in editor start time for /Game/FirstPersonBP/Maps/UEDPIE_1_FirstPersonExampleMap -0.7
[2015.05.11-07.05.05:130][251]PIE: New page: PIE session: FirstPersonExampleMap (12 May 2015 3:05:05 am)
[2015.05.11-07.05.05:172][251]LogNet: Browse: 127.0.0.1//Game/FirstPersonBP/Maps/FirstPersonExampleMap
[2015.05.11-07.05.05:172][251]LogInit: WinSock: Socket queue 32768 / 32768
[2015.05.11-07.05.05:173][251]LogNet: Game client on port 7777, rate 10000
[2015.05.11-07.05.05:173][251]LogNet: GetLocalNetworkVersion: GEngineNetVersion: 2513093, ProjectName: telefour, ProjectVersion: , LocalNetworkVersion: -175186362
[2015.05.11-07.05.05:182][251]PIE: Info Play in editor start time for /Game/FirstPersonBP/Maps/FirstPersonExampleMap -0.643
[2015.05.11-07.05.05:186][251]LogNet: NotifyAcceptingConnection: Server FirstPersonExampleMap accept
[2015.05.11-07.05.05:187][251]LogNet: Open FirstPersonExampleMap 05/11/15 17:05:05 127.0.0.1
[2015.05.11-07.05.05:187][251]LogNet: Added client connection.  Remote address = 127.0.0.1:57749
[2015.05.11-07.05.05:187][251]LogNet: NotifyAcceptingChannel Control 0 server World /Game/FirstPersonBP/Maps/UEDPIE_1_FirstPersonExampleMap.FirstPersonExampleMap: Accepted
[2015.05.11-07.05.05:187][251]LogNet: Remote platform little endian=1
[2015.05.11-07.05.05:187][251]LogNet: This platform little endian=1
[2015.05.11-07.05.05:187][251]LogNet: GetLocalNetworkVersion: GEngineNetVersion: 2513093, ProjectName: telefour, ProjectVersion: , LocalNetworkVersion: -175186362
[2015.05.11-07.05.05:316][252]LogNet: Login request: /Game/FirstPersonBP/Maps/FirstPersonExampleMap userId: Invalid
[2015.05.11-07.05.05:316][252]LogNet: Client netspeed is 10000
[2015.05.11-07.05.05:317][252]LogNet: Welcomed by server (Level: /Game/FirstPersonBP/Maps/UEDPIE_1_FirstPersonExampleMap, Game: /Game/FirstPersonBP/Blueprints/FirstPersonGameMode.FirstPersonGameMode_C)
[2015.05.11-07.05.05:321][252]LogLoad: LoadMap: 127.0.0.1//Game/FirstPersonBP/Maps/UEDPIE_1_FirstPersonExampleMap?game=/Game/FirstPersonBP/Blueprints/FirstPersonGameMode.FirstPersonGameMode_C
[2015.05.11-07.05.05:336][252]LogParticles: Destroying 0 GPU particle simulations for FXSystem 0x0000000046212B60
[2015.05.11-07.05.05:339][252]Cmd: MEM
[2015.05.11-07.05.05:355][252]LogMemory: Platform Memory Stats for Windows
[2015.05.11-07.05.05:355][252]LogMemory: Process Physical Memory: 1216.03 MB used, 1386.34 MB peak
[2015.05.11-07.05.05:355][252]LogMemory: Process Virtual Memory: 1128.41 MB used, 1309.30 MB peak
[2015.05.11-07.05.05:355][252]LogMemory: Physical Memory: 6516.95 MB used, 32633.02 MB total
[2015.05.11-07.05.05:355][252]LogMemory: Virtual Memory: 1637.48 MB used, 8388608.00 MB total
[2015.05.11-07.05.05:355][252]LogMemory: 
[2015.05.11-07.05.05:355][252]Allocator Stats for TBB: (not implemented)
[2015.05.11-07.05.05:356][252]LogLinker: Can't find file for asset '/Game/FirstPersonBP/Maps/UEDPIE_1_FirstPersonExampleMap' while loading NULL.
[2015.05.11-07.05.05:376][252]LogWorld: PIE: Copying PIE streaming level from /Game/FirstPersonBP/Maps/FirstPersonExampleMap.FirstPersonExampleMap to /Game/FirstPersonBP/Maps/UEDPIE_2_FirstPersonExampleMap.FirstPersonExampleMap. OwningWorld: None
[2015.05.11-07.05.05:384][252]LogWorld: Bringing World /Game/FirstPersonBP/Maps/UEDPIE_2_FirstPersonExampleMap.FirstPersonExampleMap up for play (max tick rate 0) at 2015.05.11-17.05.05
[2015.05.11-07.05.05:384][252]LogWorld: Bringing up level for play took: 0.006234
[2015.05.11-07.05.05:396][253]LogNet: Join request: /Game/FirstPersonBP/Maps/FirstPersonExampleMap?SplitscreenCount=1
[2015.05.11-07.05.05:398][253]LogNet: Join succeeded: 265
[2015.05.11-07.05.18:755][983]LogSpawn:Warning: SpawnActor failed because we are in the process of tearing down the world
[2015.05.11-07.05.18:812][983]LogNet: UChannel::CleanUp: [GameNetDriver] [PlayerController_22] [PlayerController_22]. ChIndex == 0. Closing connection.
[2015.05.11-07.05.18:812][983]LogNet: UNetConnection::Close: Name: IpConnection_13, Driver: GameNetDriver IpNetDriver_10, PC: PlayerController_22, Owner: PlayerController_22, Channels: 11, RemoteAddr: 127.0.0.1:57749, Time: 2015.05.11-07.05.18
[2015.05.11-07.05.18:812][983]LogNet: UChannel::Close: Sending CloseBunch. ChIndex == 0. Name: ControlChannel_13
[2015.05.11-07.05.18:812][983]LogNet: UChannel::CleanUp: [GameNetDriver] [PlayerController_23] [PlayerController_23]. ChIndex == 0. Closing connection.
[2015.05.11-07.05.18:812][983]LogNet: UNetConnection::Close: Name: IpConnection_12, Driver: GameNetDriver IpNetDriver_11, PC: PlayerController_23, Owner: PlayerController_23, Channels: 11, RemoteAddr: 127.0.0.1:7777, Time: 2015.05.11-07.05.18
[2015.05.11-07.05.18:812][983]LogNet: UChannel::Close: Sending CloseBunch. ChIndex == 0. Name: ControlChannel_12
[2015.05.11-07.05.18:814][983]LogExit: GameNetDriver None shut down
[2015.05.11-07.05.18:815][983]LogExit: GameNetDriver None shut down
[2015.05.11-07.05.18:884][984]LogParticles: Destroying 0 GPU particle simulations for FXSystem 0x00000000461EAB60
[2015.05.11-07.05.18:884][984]LogParticles: Destroying 0 GPU particle simulations for FXSystem 0x0000000046212200
[2015.05.11-07.07.58:781][249]LogEditorViewport: Clicking on Actor (LMB): FirstPersonCharacter_C (FirstPersonCharacter)
[2015.05.11-07.09.01:733][448]LogEditorViewport: Clicking on Actor (LMB): StaticMeshActor (Floor2)
[2015.05.11-07.09.02:415][521]LogEditorViewport: Clicking on Actor (LMB): PlayerStart (NetworkPlayerStart)
[2015.05.11-07.11.19:125][339]BlueprintLog: New page: Pre-PIE auto-recompile
[2015.05.11-07.11.19:139][339]LogPlayLevel: [PIE] Compiling FirstPersonCharacter before PIE...
[2015.05.11-07.11.19:263][339]LogPlayLevel: PIE:  Blueprint regeneration took 137 ms (1 blueprints)
[2015.05.11-07.11.19:268][339]PIE: New page: PIE session: FirstPersonExampleMap (12 May 2015 3:11:19 am)
[2015.05.11-07.11.19:284][339]LogPlayLevel: PIE: StaticDuplicateObject took: (0.015953s)
[2015.05.11-07.11.19:285][339]LogPlayLevel: PIE: World Init took: (0.000693s)
[2015.05.11-07.11.19:285][339]LogPlayLevel: PIE: Created PIE world by copying editor world from /Game/FirstPersonBP/Maps/FirstPersonExampleMap.FirstPersonExampleMap to /Game/FirstPersonBP/Maps/UEDPIE_1_FirstPersonExampleMap.FirstPersonExampleMap (0.016833s)
[2015.05.11-07.11.19:330][339]LogWorld: Game class is 'FirstPersonGameMode_C'
[2015.05.11-07.11.19:332][339]LogAIModule: Creating AISystem for world FirstPersonExampleMap
[2015.05.11-07.11.19:338][339]LogWorld: Bringing World /Game/FirstPersonBP/Maps/UEDPIE_1_FirstPersonExampleMap.FirstPersonExampleMap up for play (max tick rate 0) at 2015.05.11-17.11.19
[2015.05.11-07.11.19:338][339]LogWorld: Bringing up level for play took: 0.006179
[2015.05.11-07.11.19:340][339]LogInit: WinSock: Socket queue 131072 / 131072
[2015.05.11-07.11.19:340][339]LogNet: GameNetDriver IpNetDriver_12 IpNetDriver listening on port 7777
[2015.05.11-07.11.19:351][339]PIE: Info Play in editor start time for /Game/FirstPersonBP/Maps/UEDPIE_1_FirstPersonExampleMap -0.478
[2015.05.11-07.11.19:357][339]PIE: New page: PIE session: FirstPersonExampleMap (12 May 2015 3:11:19 am)
[2015.05.11-07.11.19:401][339]LogNet: Browse: 127.0.0.1//Game/FirstPersonBP/Maps/FirstPersonExampleMap
[2015.05.11-07.11.19:402][339]LogInit: WinSock: Socket queue 32768 / 32768
[2015.05.11-07.11.19:402][339]LogNet: Game client on port 7777, rate 10000
[2015.05.11-07.11.19:402][339]LogNet: GetLocalNetworkVersion: GEngineNetVersion: 2513093, ProjectName: telefour, ProjectVersion: , LocalNetworkVersion: -175186362
[2015.05.11-07.11.19:414][339]PIE: Info Play in editor start time for /Game/FirstPersonBP/Maps/FirstPersonExampleMap -0.416
[2015.05.11-07.11.19:418][339]LogNet: NotifyAcceptingConnection: Server FirstPersonExampleMap accept
[2015.05.11-07.11.19:418][339]LogNet: Open FirstPersonExampleMap 05/11/15 17:11:19 127.0.0.1
[2015.05.11-07.11.19:418][339]LogNet: Added client connection.  Remote address = 127.0.0.1:61398
[2015.05.11-07.11.19:418][339]LogNet: NotifyAcceptingChannel Control 0 server World /Game/FirstPersonBP/Maps/UEDPIE_1_FirstPersonExampleMap.FirstPersonExampleMap: Accepted
[2015.05.11-07.11.19:418][339]LogNet: Remote platform little endian=1
[2015.05.11-07.11.19:418][339]LogNet: This platform little endian=1
[2015.05.11-07.11.19:418][339]LogNet: GetLocalNetworkVersion: GEngineNetVersion: 2513093, ProjectName: telefour, ProjectVersion: , LocalNetworkVersion: -175186362
[2015.05.11-07.11.19:575][340]LogNet: Login request: /Game/FirstPersonBP/Maps/FirstPersonExampleMap userId: Invalid
[2015.05.11-07.11.19:575][340]LogNet: Client netspeed is 10000
[2015.05.11-07.11.19:577][340]LogNet: Welcomed by server (Level: /Game/FirstPersonBP/Maps/UEDPIE_1_FirstPersonExampleMap, Game: /Game/FirstPersonBP/Blueprints/FirstPersonGameMode.FirstPersonGameMode_C)
[2015.05.11-07.11.19:580][340]LogLoad: LoadMap: 127.0.0.1//Game/FirstPersonBP/Maps/UEDPIE_1_FirstPersonExampleMap?game=/Game/FirstPersonBP/Blueprints/FirstPersonGameMode.FirstPersonGameMode_C
[2015.05.11-07.11.19:595][340]LogParticles: Destroying 0 GPU particle simulations for FXSystem 0x000000000CB52DE0
[2015.05.11-07.11.19:597][340]Cmd: MEM
[2015.05.11-07.11.19:611][340]LogMemory: Platform Memory Stats for Windows
[2015.05.11-07.11.19:611][340]LogMemory: Process Physical Memory: 1237.38 MB used, 1386.34 MB peak
[2015.05.11-07.11.19:611][340]LogMemory: Process Virtual Memory: 1145.85 MB used, 1309.30 MB peak
[2015.05.11-07.11.19:611][340]LogMemory: Physical Memory: 6703.36 MB used, 32633.02 MB total
[2015.05.11-07.11.19:611][340]LogMemory: Virtual Memory: 1656.07 MB used, 8388608.00 MB total
[2015.05.11-07.11.19:611][340]LogMemory: 
[2015.05.11-07.11.19:611][340]Allocator Stats for TBB: (not implemented)
[2015.05.11-07.11.19:611][340]LogLinker: Can't find file for asset '/Game/FirstPersonBP/Maps/UEDPIE_1_FirstPersonExampleMap' while loading NULL.
[2015.05.11-07.11.19:628][340]LogWorld: PIE: Copying PIE streaming level from /Game/FirstPersonBP/Maps/FirstPersonExampleMap.FirstPersonExampleMap to /Game/FirstPersonBP/Maps/UEDPIE_2_FirstPersonExampleMap.FirstPersonExampleMap. OwningWorld: None
[2015.05.11-07.11.19:636][340]LogWorld: Bringing World /Game/FirstPersonBP/Maps/UEDPIE_2_FirstPersonExampleMap.FirstPersonExampleMap up for play (max tick rate 0) at 2015.05.11-17.11.19
[2015.05.11-07.11.19:637][340]LogWorld: Bringing up level for play took: 0.006478
[2015.05.11-07.11.19:672][341]LogNet: Join request: /Game/FirstPersonBP/Maps/FirstPersonExampleMap?SplitscreenCount=1
[2015.05.11-07.11.19:675][341]LogNet: Join succeeded: 267
[2015.05.11-07.12.10:338][795]LogSpawn:Warning: SpawnActor failed because we are in the process of tearing down the world
[2015.05.11-07.12.10:401][795]LogNet: UChannel::CleanUp: [GameNetDriver] [None] [None]. ChIndex == 0. Closing connection.
[2015.05.11-07.12.10:401][795]LogNet: UNetConnection::Close: Name: IpConnection_15, Driver: GameNetDriver IpNetDriver_12, PC: None, Owner: None, Channels: 2, RemoteAddr: 127.0.0.1:61398, Time: 2015.05.11-07.12.10
[2015.05.11-07.12.10:401][795]LogNet: UChannel::Close: Sending CloseBunch. ChIndex == 0. Name: ControlChannel_15
[2015.05.11-07.12.10:401][795]LogNet: UChannel::CleanUp: [GameNetDriver] [None] [None]. ChIndex == 0. Closing connection.
[2015.05.11-07.12.10:401][795]LogNet: UNetConnection::Close: Name: IpConnection_14, Driver: GameNetDriver IpNetDriver_13, PC: None, Owner: None, Channels: 2, RemoteAddr: 127.0.0.1:7777, Time: 2015.05.11-07.12.10
[2015.05.11-07.12.10:401][795]LogNet: UChannel::Close: Sending CloseBunch. ChIndex == 0. Name: ControlChannel_14
[2015.05.11-07.12.10:403][795]LogExit: GameNetDriver None shut down
[2015.05.11-07.12.10:403][795]LogExit: GameNetDriver None shut down
[2015.05.11-07.12.10:481][796]LogParticles: Destroying 0 GPU particle simulations for FXSystem 0x000000000CB52520
[2015.05.11-07.12.10:481][796]LogParticles: Destroying 0 GPU particle simulations for FXSystem 0x000000000EFA4540
[2015.05.11-07.12.22:246][883]LogSavePackage: Save=1682.132690ms
[2015.05.11-07.12.22:246][883]LogSavePackage: Moving '../../../../../../../Users/daniel.waterston/Desktop/Telefour/Telefour/Saved/FirstPersonExampleMap_Auto1B5FAC61F42005C623A81B1A8C099D2B0.tmp' to '../../../../../../../Users/daniel.waterston/Desktop/Telefour/Telefour/Saved/Autosaves/Game/FirstPersonBP/Maps/FirstPersonExampleMap_Auto1.umap'
[2015.05.11-07.12.22:254][883]LogFileHelpers: Editor autosave (incl. sublevels) for '/Game/FirstPersonBP/Maps/FirstPersonExampleMap' took 1.769
[2015.05.11-07.12.22:254][883]LogFileHelpers: Editor autosave (incl. sublevels) for all levels took 1.769
[2015.05.11-07.12.22:291][883]OBJ SavePackage: Generating thumbnails for [1] asset(s) in package [/Game/FirstPersonBP/Blueprints/FirstPersonCharacter] ([1] browsable assets)...
[2015.05.11-07.12.22:310][883]OBJ SavePackage:     Rendered thumbnail for [Blueprint /Game/FirstPersonBP/Blueprints/FirstPersonChar